<?xml version="1.0" encoding="UTF-8"?>
<!-- Generated by org.testng.reporters.JUnitXMLReporter -->
<testsuite ignored="0" hostname="Lenovo-PC" failures="0" tests="5" name="Default test" time="31.279" errors="0" timestamp="12 Feb 2024 14:47:05 GMT">
  <testcase classname="entireSDET.TC01NCLogin" name="ncEmail_TC_0001" time="0.49"/>
  <testcase classname="entireSDET.TC01NCLogin" name="ncPassword_TC_0002" time="0.328"/>
  <testcase classname="entireSDET.TC01NCLogin" name="ncLoginBtn_TC_0003" time="0.128"/>
  <testcase classname="entireSDET.TC01NCLogin" name="ncLogin" time="4.561"/>
  <testcase classname="entireSDET.TC01NCLogin" name="ncLogin" time="6.047"/>
</testsuite> <!-- Default test -->
