<?xml version="1.0" encoding="UTF-8"?>
<!-- Generated by org.testng.reporters.JUnitXMLReporter -->
<testsuite ignored="6" hostname="Lenovo-PC" failures="2" tests="2" name="TestScript1" time="0.414" errors="0" timestamp="08 Jan 2024 13:49:38 GMT">
  <testcase classname="testNG.TestScript1NG" name="ncEmailField" time="0.223">
    <failure type="java.lang.NullPointerException" message="Cannot invoke &amp;quot;org.openqa.selenium.WebDriver.findElement(org.openqa.selenium.By)&amp;quot; because &amp;quot;this.driver&amp;quot; is null">
      <![CDATA[java.lang.NullPointerException: Cannot invoke "org.openqa.selenium.WebDriver.findElement(org.openqa.selenium.By)" because "this.driver" is null
at testNG.TestScript1NG.ncEmailField(TestScript1NG.java:44)
... Removed 25 stack frames]]>
    </failure>
  </testcase> <!-- ncEmailField -->
  <testcase classname="testNG.TestScript1NG" name="ncPasswordField" time="0.005">
    <failure type="java.lang.NullPointerException" message="Cannot invoke &amp;quot;org.openqa.selenium.WebDriver.findElement(org.openqa.selenium.By)&amp;quot; because &amp;quot;this.driver&amp;quot; is null">
      <![CDATA[java.lang.NullPointerException: Cannot invoke "org.openqa.selenium.WebDriver.findElement(org.openqa.selenium.By)" because "this.driver" is null
at testNG.TestScript1NG.ncPasswordField(TestScript1NG.java:60)
... Removed 25 stack frames]]>
    </failure>
  </testcase> <!-- ncPasswordField -->
  <testcase classname="testNG.TestScript1NG" name="ncLoginBtn" time="0.0">
    <ignored/>
  </testcase> <!-- ncLoginBtn -->
  <testcase classname="testNG.TestScript1NG" name="ncDashboard" time="0.0">
    <ignored/>
  </testcase> <!-- ncDashboard -->
  <testcase classname="testNG.TestScript1NG" name="ncLogin" time="0.0">
    <ignored/>
  </testcase> <!-- ncLogin -->
  <testcase classname="testNG.TestScript1NG" name="ncDashboardPage" time="0.0">
    <ignored/>
  </testcase> <!-- ncDashboardPage -->
  <testcase classname="testNG.TestScript1NG" name="ncSalesandProducts" time="0.0">
    <ignored/>
  </testcase> <!-- ncSalesandProducts -->
  <testcase classname="testNG.TestScript1NG" name="ncLoginPage" time="0.0">
    <ignored/>
  </testcase> <!-- ncLoginPage -->
</testsuite> <!-- TestScript1 -->
